# JRE version: OpenJDK Runtime Environment (21.0.6) (build 21.0.6+-13368085-b895.109)
# Java VM: OpenJDK 64-Bit Server VM (21.0.6+-13368085-b895.109, mixed mode, tiered, compressed oops, compressed class ptrs, g1 gc, windows-amd64)
GC Precious Log:
 CardTable entry size: 512
 Card Set container configuration: InlinePtr #cards 5 size 8 Array Of Cards #cards 12 size 40 Howl #buckets 4 coarsen threshold 1843 Howl Bitmap #cards 512 size 80 coarsen threshold 460 Card regions per heap region 1 cards per card region 2048
 CPUs: 12 total, 12 available
 Memory: 15791M
 Large Page Support: Disabled
 NUMA Support: Disabled
 Compressed Oops: Enabled (32-bit)
 Heap Region Size: 1M
 Heap Min Capacity: 8M
 Heap Initial Capacity: 248M
 Heap Max Capacity: 2G
 Pre-touch: Disabled
 Parallel Workers: 10
 Concurrent Workers: 3
 Concurrent Refinement Workers: 10
 Periodic GC: Disabled
Heap:
 garbage-first heap   total 342016K, used 170823K [0x0000000080000000, 0x0000000100000000)
  region size 1024K, 9 young (9216K), 9 survivors (9216K)
 Metaspace       used 140865K, committed 143168K, reserved 1179648K
  class space    used 19612K, committed 20800K, reserved 1048576K
GC Heap History (20 events):
Event: 13.648 GC heap after
{Heap after GC invocations=54 (full 0):
 garbage-first heap   total 284672K, used 151293K [0x0000000080000000, 0x0000000100000000)
  region size 1024K, 16 young (16384K), 16 survivors (16384K)
 Metaspace       used 124243K, committed 126528K, reserved 1179648K
  class space    used 16917K, committed 18048K, reserved 1048576K
}
Event: 14.048 GC heap before
{Heap before GC invocations=54 (full 0):
 garbage-first heap   total 284672K, used 251645K [0x0000000080000000, 0x0000000100000000)
  region size 1024K, 115 young (117760K), 16 survivors (16384K)
 Metaspace       used 132169K, committed 134464K, reserved 1179648K
  class space    used 18410K, committed 19584K, reserved 1048576K
}
Event: 14.062 GC heap after
{Heap after GC invocations=55 (full 0):
 garbage-first heap   total 284672K, used 162938K [0x0000000080000000, 0x0000000100000000)
  region size 1024K, 13 young (13312K), 13 survivors (13312K)
 Metaspace       used 132169K, committed 134464K, reserved 1179648K
  class space    used 18410K, committed 19584K, reserved 1048576K
}
Event: 14.390 GC heap before
{Heap before GC invocations=55 (full 0):
 garbage-first heap   total 284672K, used 254074K [0x0000000080000000, 0x0000000100000000)
  region size 1024K, 103 young (105472K), 13 survivors (13312K)
 Metaspace       used 136914K, committed 139264K, reserved 1179648K
  class space    used 19257K, committed 20416K, reserved 1048576K
}
Event: 14.401 GC heap after
{Heap after GC invocations=56 (full 0):
 garbage-first heap   total 342016K, used 172319K [0x0000000080000000, 0x0000000100000000)
  region size 1024K, 10 young (10240K), 10 survivors (10240K)
 Metaspace       used 136914K, committed 139264K, reserved 1179648K
  class space    used 19257K, committed 20416K, reserved 1048576K
}
Event: 14.815 GC heap before
{Heap before GC invocations=57 (full 0):
 garbage-first heap   total 342016K, used 304415K [0x0000000080000000, 0x0000000100000000)
  region size 1024K, 140 young (143360K), 10 survivors (10240K)
 Metaspace       used 139800K, committed 142144K, reserved 1179648K
  class space    used 19569K, committed 20736K, reserved 1048576K
}
Event: 14.822 GC heap after
{Heap after GC invocations=58 (full 0):
 garbage-first heap   total 342016K, used 176415K [0x0000000080000000, 0x0000000100000000)
  region size 1024K, 14 young (14336K), 14 survivors (14336K)
 Metaspace       used 139800K, committed 142144K, reserved 1179648K
  class space    used 19569K, committed 20736K, reserved 1048576K
}
Event: 15.086 GC heap before
{Heap before GC invocations=58 (full 0):
 garbage-first heap   total 342016K, used 309535K [0x0000000080000000, 0x0000000100000000)
  region size 1024K, 143 young (146432K), 14 survivors (14336K)
 Metaspace       used 140086K, committed 142400K, reserved 1179648K
  class space    used 19609K, committed 20736K, reserved 1048576K
}
Event: 15.093 GC heap after
{Heap after GC invocations=59 (full 0):
 garbage-first heap   total 342016K, used 173287K [0x0000000080000000, 0x0000000100000000)
  region size 1024K, 6 young (6144K), 6 survivors (6144K)
 Metaspace       used 140086K, committed 142400K, reserved 1179648K
  class space    used 19609K, committed 20736K, reserved 1048576K
}
Event: 15.309 GC heap before
{Heap before GC invocations=59 (full 0):
 garbage-first heap   total 342016K, used 314599K [0x0000000080000000, 0x0000000100000000)
  region size 1024K, 144 young (147456K), 6 survivors (6144K)
 Metaspace       used 140194K, committed 142528K, reserved 1179648K
  class space    used 19614K, committed 20800K, reserved 1048576K
}
Event: 15.314 GC heap after
{Heap after GC invocations=60 (full 0):
 garbage-first heap   total 342016K, used 176289K [0x0000000080000000, 0x0000000100000000)
  region size 1024K, 9 young (9216K), 9 survivors (9216K)
 Metaspace       used 140194K, committed 142528K, reserved 1179648K
  class space    used 19614K, committed 20800K, reserved 1048576K
}
Event: 15.564 GC heap before
{Heap before GC invocations=61 (full 0):
 garbage-first heap   total 342016K, used 313505K [0x0000000080000000, 0x0000000100000000)
  region size 1024K, 143 young (146432K), 9 survivors (9216K)
 Metaspace       used 140314K, committed 142720K, reserved 1179648K
  class space    used 19596K, committed 20800K, reserved 1048576K
}
Event: 15.570 GC heap after
{Heap after GC invocations=62 (full 0):
 garbage-first heap   total 342016K, used 173707K [0x0000000080000000, 0x0000000100000000)
  region size 1024K, 6 young (6144K), 6 survivors (6144K)
 Metaspace       used 140314K, committed 142720K, reserved 1179648K
  class space    used 19596K, committed 20800K, reserved 1048576K
}
Event: 15.740 GC heap before
{Heap before GC invocations=62 (full 0):
 garbage-first heap   total 342016K, used 317067K [0x0000000080000000, 0x0000000100000000)
  region size 1024K, 146 young (149504K), 6 survivors (6144K)
 Metaspace       used 140455K, committed 142784K, reserved 1179648K
  class space    used 19600K, committed 20800K, reserved 1048576K
}
Event: 15.745 GC heap after
{Heap after GC invocations=63 (full 0):
 garbage-first heap   total 342016K, used 174226K [0x0000000080000000, 0x0000000100000000)
  region size 1024K, 9 young (9216K), 9 survivors (9216K)
 Metaspace       used 140455K, committed 142784K, reserved 1179648K
  class space    used 19600K, committed 20800K, reserved 1048576K
}
Event: 15.896 GC heap before
{Heap before GC invocations=63 (full 0):
 garbage-first heap   total 342016K, used 312466K [0x0000000080000000, 0x0000000100000000)
  region size 1024K, 145 young (148480K), 9 survivors (9216K)
 Metaspace       used 140621K, committed 142912K, reserved 1179648K
  class space    used 19604K, committed 20800K, reserved 1048576K
}
Event: 15.900 GC heap after
{Heap after GC invocations=64 (full 0):
 garbage-first heap   total 342016K, used 172574K [0x0000000080000000, 0x0000000100000000)
  region size 1024K, 7 young (7168K), 7 survivors (7168K)
 Metaspace       used 140621K, committed 142912K, reserved 1179648K
  class space    used 19604K, committed 20800K, reserved 1048576K
}
Event: 16.089 GC heap before
{Heap before GC invocations=65 (full 0):
 garbage-first heap   total 342016K, used 315934K [0x0000000080000000, 0x0000000100000000)
  region size 1024K, 147 young (150528K), 7 survivors (7168K)
 Metaspace       used 140743K, committed 143040K, reserved 1179648K
  class space    used 19609K, committed 20800K, reserved 1048576K
}
Event: 16.094 GC heap after
{Heap after GC invocations=66 (full 0):
 garbage-first heap   total 342016K, used 172492K [0x0000000080000000, 0x0000000100000000)
  region size 1024K, 7 young (7168K), 7 survivors (7168K)
 Metaspace       used 140743K, committed 143040K, reserved 1179648K
  class space    used 19609K, committed 20800K, reserved 1048576K
}
Event: 16.243 GC heap before
{Heap before GC invocations=66 (full 0):
 garbage-first heap   total 342016K, used 314828K [0x0000000080000000, 0x0000000100000000)
  region size 1024K, 147 young (150528K), 7 survivors (7168K)
 Metaspace       used 140865K, committed 143168K, reserved 1179648K
  class space    used 19612K, committed 20800K, reserved 1048576K
}

