# JRE version: OpenJDK Runtime Environment (21.0.6) (build 21.0.6+-13368085-b895.109)
# Java VM: OpenJDK 64-Bit Server VM (21.0.6+-13368085-b895.109, mixed mode, tiered, compressed oops, compressed class ptrs, g1 gc, windows-amd64)
GC Precious Log:
 CardTable entry size: 512
 Card Set container configuration: InlinePtr #cards 5 size 8 Array Of Cards #cards 12 size 40 Howl #buckets 4 coarsen threshold 1843 Howl Bitmap #cards 512 size 80 coarsen threshold 460 Card regions per heap region 1 cards per card region 2048
 CPUs: 12 total, 12 available
 Memory: 15791M
 Large Page Support: Disabled
 NUMA Support: Disabled
 Compressed Oops: Enabled (32-bit)
 Heap Region Size: 1M
 Heap Min Capacity: 8M
 Heap Initial Capacity: 248M
 Heap Max Capacity: 2G
 Pre-touch: Disabled
 Parallel Workers: 10
 Concurrent Workers: 3
 Concurrent Refinement Workers: 10
 Periodic GC: Disabled
Heap:
 garbage-first heap   total 355328K, used 182102K [0x0000000080000000, 0x0000000100000000)
  region size 1024K, 7 young (7168K), 7 survivors (7168K)
 Metaspace       used 141950K, committed 144192K, reserved 1179648K
  class space    used 19683K, committed 20800K, reserved 1048576K
GC Heap History (20 events):
Event: 17.465 GC heap after
{Heap after GC invocations=58 (full 0):
 garbage-first heap   total 349184K, used 192512K [0x0000000080000000, 0x0000000100000000)
  region size 1024K, 12 young (12288K), 12 survivors (12288K)
 Metaspace       used 124915K, committed 127168K, reserved 1179648K
  class space    used 16977K, committed 18112K, reserved 1048576K
}
Event: 18.027 GC heap before
{Heap before GC invocations=59 (full 0):
 garbage-first heap   total 349184K, used 303104K [0x0000000080000000, 0x0000000100000000)
  region size 1024K, 121 young (123904K), 12 survivors (12288K)
 Metaspace       used 131249K, committed 133440K, reserved 1179648K
  class space    used 18095K, committed 19200K, reserved 1048576K
}
Event: 18.037 GC heap after
{Heap after GC invocations=60 (full 0):
 garbage-first heap   total 349184K, used 201688K [0x0000000080000000, 0x0000000100000000)
  region size 1024K, 12 young (12288K), 12 survivors (12288K)
 Metaspace       used 131249K, committed 133440K, reserved 1179648K
  class space    used 18095K, committed 19200K, reserved 1048576K
}
Event: 18.467 GC heap before
{Heap before GC invocations=60 (full 0):
 garbage-first heap   total 349184K, used 307160K [0x0000000080000000, 0x0000000100000000)
  region size 1024K, 116 young (118784K), 12 survivors (12288K)
 Metaspace       used 136398K, committed 138624K, reserved 1179648K
  class space    used 19032K, committed 20160K, reserved 1048576K
}
Event: 18.483 GC heap after
{Heap after GC invocations=61 (full 0):
 garbage-first heap   total 349184K, used 214251K [0x0000000080000000, 0x0000000100000000)
  region size 1024K, 15 young (15360K), 15 survivors (15360K)
 Metaspace       used 136398K, committed 138624K, reserved 1179648K
  class space    used 19032K, committed 20160K, reserved 1048576K
}
Event: 18.885 GC heap before
{Heap before GC invocations=61 (full 0):
 garbage-first heap   total 349184K, used 308459K [0x0000000080000000, 0x0000000100000000)
  region size 1024K, 108 young (110592K), 15 survivors (15360K)
 Metaspace       used 139930K, committed 142208K, reserved 1179648K
  class space    used 19479K, committed 20608K, reserved 1048576K
}
Event: 18.895 GC heap after
{Heap after GC invocations=62 (full 0):
 garbage-first heap   total 349184K, used 219417K [0x0000000080000000, 0x0000000100000000)
  region size 1024K, 5 young (5120K), 5 survivors (5120K)
 Metaspace       used 139930K, committed 142208K, reserved 1179648K
  class space    used 19479K, committed 20608K, reserved 1048576K
}
Event: 19.187 GC heap before
{Heap before GC invocations=63 (full 0):
 garbage-first heap   total 355328K, used 307481K [0x0000000080000000, 0x0000000100000000)
  region size 1024K, 100 young (102400K), 5 survivors (5120K)
 Metaspace       used 141169K, committed 143424K, reserved 1179648K
  class space    used 19638K, committed 20800K, reserved 1048576K
}
Event: 19.191 GC heap after
{Heap after GC invocations=64 (full 0):
 garbage-first heap   total 355328K, used 211745K [0x0000000080000000, 0x0000000100000000)
  region size 1024K, 4 young (4096K), 4 survivors (4096K)
 Metaspace       used 141169K, committed 143424K, reserved 1179648K
  class space    used 19638K, committed 20800K, reserved 1048576K
}
Event: 19.422 GC heap before
{Heap before GC invocations=64 (full 0):
 garbage-first heap   total 355328K, used 324385K [0x0000000080000000, 0x0000000100000000)
  region size 1024K, 114 young (116736K), 4 survivors (4096K)
 Metaspace       used 141357K, committed 143616K, reserved 1179648K
  class space    used 19667K, committed 20800K, reserved 1048576K
}
Event: 19.427 GC heap after
{Heap after GC invocations=65 (full 0):
 garbage-first heap   total 355328K, used 194484K [0x0000000080000000, 0x0000000100000000)
  region size 1024K, 5 young (5120K), 5 survivors (5120K)
 Metaspace       used 141357K, committed 143616K, reserved 1179648K
  class space    used 19667K, committed 20800K, reserved 1048576K
}
Event: 19.663 GC heap before
{Heap before GC invocations=65 (full 0):
 garbage-first heap   total 355328K, used 323508K [0x0000000080000000, 0x0000000100000000)
  region size 1024K, 132 young (135168K), 5 survivors (5120K)
 Metaspace       used 141494K, committed 143744K, reserved 1179648K
  class space    used 19678K, committed 20800K, reserved 1048576K
}
Event: 19.668 GC heap after
{Heap after GC invocations=66 (full 0):
 garbage-first heap   total 355328K, used 197624K [0x0000000080000000, 0x0000000100000000)
  region size 1024K, 8 young (8192K), 8 survivors (8192K)
 Metaspace       used 141494K, committed 143744K, reserved 1179648K
  class space    used 19678K, committed 20800K, reserved 1048576K
}
Event: 19.822 GC heap before
{Heap before GC invocations=66 (full 0):
 garbage-first heap   total 355328K, used 326648K [0x0000000080000000, 0x0000000100000000)
  region size 1024K, 135 young (138240K), 8 survivors (8192K)
 Metaspace       used 141589K, committed 143808K, reserved 1179648K
  class space    used 19685K, committed 20800K, reserved 1048576K
}
Event: 19.827 GC heap after
{Heap after GC invocations=67 (full 0):
 garbage-first heap   total 355328K, used 200020K [0x0000000080000000, 0x0000000100000000)
  region size 1024K, 11 young (11264K), 11 survivors (11264K)
 Metaspace       used 141589K, committed 143808K, reserved 1179648K
  class space    used 19685K, committed 20800K, reserved 1048576K
}
Event: 19.970 GC heap before
{Heap before GC invocations=67 (full 0):
 garbage-first heap   total 355328K, used 322900K [0x0000000080000000, 0x0000000100000000)
  region size 1024K, 132 young (135168K), 11 survivors (11264K)
 Metaspace       used 141735K, committed 144000K, reserved 1179648K
  class space    used 19691K, committed 20800K, reserved 1048576K
}
Event: 19.974 GC heap after
{Heap after GC invocations=68 (full 0):
 garbage-first heap   total 355328K, used 196950K [0x0000000080000000, 0x0000000100000000)
  region size 1024K, 6 young (6144K), 6 survivors (6144K)
 Metaspace       used 141735K, committed 144000K, reserved 1179648K
  class space    used 19691K, committed 20800K, reserved 1048576K
}
Event: 20.179 GC heap before
{Heap before GC invocations=69 (full 0):
 garbage-first heap   total 355328K, used 319830K [0x0000000080000000, 0x0000000100000000)
  region size 1024K, 136 young (139264K), 6 survivors (6144K)
 Metaspace       used 141857K, committed 144128K, reserved 1179648K
  class space    used 19682K, committed 20800K, reserved 1048576K
}
Event: 20.184 GC heap after
{Heap after GC invocations=70 (full 0):
 garbage-first heap   total 355328K, used 186208K [0x0000000080000000, 0x0000000100000000)
  region size 1024K, 6 young (6144K), 6 survivors (6144K)
 Metaspace       used 141857K, committed 144128K, reserved 1179648K
  class space    used 19682K, committed 20800K, reserved 1048576K
}
Event: 20.323 GC heap before
{Heap before GC invocations=70 (full 0):
 garbage-first heap   total 355328K, used 328544K [0x0000000080000000, 0x0000000100000000)
  region size 1024K, 146 young (149504K), 6 survivors (6144K)
 Metaspace       used 141950K, committed 144192K, reserved 1179648K
  class space    used 19683K, committed 20800K, reserved 1048576K
}

